2025-04-22 13:31:01,726 - heart_rate_sync - INFO - Loading data...
2025-04-22 13:31:10,678 - heart_rate_sync - INFO - Segmenting data...
2025-04-22 13:31:10,690 - heart_rate_sync - INFO - Extracting features...
2025-04-22 13:31:14,880 - heart_rate_sync - INFO - Features saved to data/features/all_features.csv
2025-04-22 13:31:14,889 - heart_rate_sync - INFO - Starting analysis...
2025-04-22 13:31:14,890 - heart_rate_sync - INFO - Analyzing synchronization...
2025-04-22 13:31:14,907 - heart_rate_sync - INFO - Classifying audio contexts...
2025-04-22 13:31:14,913 - heart_rate_sync - INFO - Analyzing context-synchronization relationships...
2025-04-22 13:31:15,091 - heart_rate_sync - INFO - Computing effect sizes...
2025-04-22 13:31:15,112 - heart_rate_sync - INFO - Analysis results saved to data/results/analysis_results.csv
2025-04-22 13:31:15,112 - heart_rate_sync - INFO - Creating visualizations...
2025-04-22 13:31:15,115 - heart_rate_sync - INFO - Creating timeline plot for hr_mean...
2025-04-22 13:31:18,433 - heart_rate_sync - INFO - Creating timeline plot for hr_std...
2025-04-22 13:31:19,696 - heart_rate_sync - INFO - Creating timeline plot for hr_trend...
2025-04-22 13:31:20,879 - heart_rate_sync - INFO - Creating timeline plot for hr_max_delta...
2025-04-22 13:31:22,094 - heart_rate_sync - INFO - Creating timeline plot for rmssd...
2025-04-22 13:31:23,307 - heart_rate_sync - INFO - Creating context heatmap for hr_mean...
2025-04-22 13:31:23,843 - heart_rate_sync - INFO - Creating context heatmap for hr_std...
2025-04-22 13:31:24,619 - heart_rate_sync - INFO - Creating context heatmap for hr_trend...
2025-04-22 13:31:25,175 - heart_rate_sync - INFO - Creating context heatmap for hr_max_delta...
2025-04-22 13:31:25,728 - heart_rate_sync - INFO - Creating context heatmap for rmssd...
2025-04-22 13:31:26,313 - heart_rate_sync - INFO - Creating effect size plot...
2025-04-22 13:31:27,650 - heart_rate_sync - INFO - Creating context profile plot...
2025-04-22 13:31:28,329 - heart_rate_sync - INFO - Creating time lag analysis plot...
2025-04-22 13:31:28,904 - heart_rate_sync - INFO - Visualization complete.
2025-04-22 13:31:28,904 - heart_rate_sync - INFO - Running validation analyses...
2025-04-22 13:31:28,904 - heart_rate_sync - INFO - No significant results to validate.
2025-04-22 13:31:28,905 - heart_rate_sync - INFO - Analysis pipeline completed successfully!
